<?xml version="1.0" encoding="UTF-8"?>
<!-- Generated by org.testng.reporters.JUnitReportReporter -->
<testsuite hostname="Valliani" name="config.TestConfig" tests="1" failures="0" timestamp="30 Jan 2018 20:37:01 GMT" time="25.271" errors="0">
  <testcase name="starTest" time="25.271" classname="config.TestConfig"/>
</testsuite> <!-- config.TestConfig -->
